MPASM  4.02 Released                            MORT_TIMERS.C   4-1-2006  10:04:18         PAGE  1


LOC  OBJECT CODE     LINE SOURCE TEXT
  VALUE

                      00001 #include "ifi_default.h"
Error[108]  : Illegal character (/)
                      00001 /*******************************************************************************
Error[108]  : Illegal character (*)
                      00002 * FILE NAME: ifi_default.h
Error[108]  : Illegal character (*)
                      00003 *
Error[108]  : Illegal character (*)
                      00004 * DESCRIPTION: 
Error[108]  : Illegal character (*)
                      00005 *  This file contains important data definitions.              
Error[108]  : Illegal character (*)
                      00006 *
Error[108]  : Illegal character (*)
                      00007 *  DO NOT EDIT THIS FILE!
Error[108]  : Illegal character (*)
                      00008 *******************************************************************************/
                      00009 
                      00010 #ifndef __ifi_default_h_
                      00011 #define __ifi_default_h_
                      00012 
Error[105]  : Cannot open file (Include File "p18cxxx.h" not found)
                      00013 #include <p18cxxx.h>
                      00014 #define UNCHANGEABLE_DEFINITION_AREA 1
                      00015 
                      00016 #ifdef UNCHANGEABLE_DEFINITION_AREA
                      00017 
Error[108]  : Illegal character (/)
                      00018 /*******************************************************************************
Warning[207]: Found label after column 1. (ALIAS)
Error[122]  : Illegal opcode (DEFINITIONS)
                      00019                              ALIAS DEFINITIONS
Error[108]  : Illegal character (*)
                      00020 *******************************************************************************/
Error[108]  : Illegal character (/)
                      00021                            /* DO NOT CHANGE! */
                      00022 
                      00023 #define   DATA_SIZE          30
                      00024 #define   SPI_TRAILER_SIZE   2
                      00025 #define   SPI_XFER_SIZE      DATA_SIZE + SPI_TRAILER_SIZE
                      00026 
                      00027 #define   FALSE             0
                      00028 #define   TRUE              !FALSE
                      00029 
                      00030 #ifdef    _SIMULATOR
                      00031 #define   RESET_VECTOR      0x000
                      00032 #define   HIGH_INT_VECTOR   0x008
                      00033 #define   LOW_INT_VECTOR    0x018
                      00034 #else
                      00035 #define   RESET_VECTOR      0x800
                      00036 #define   HIGH_INT_VECTOR   0x808
                      00037 #define   LOW_INT_VECTOR    0x818
                      00038 #endif
MPASM  4.02 Released                            MORT_TIMERS.C   4-1-2006  10:04:18         PAGE  2


LOC  OBJECT CODE     LINE SOURCE TEXT
  VALUE

                      00039 
                      00040 
Error[108]  : Illegal character (/)
                      00041 /*******************************************************************************
  0000                00042                             VARIABLE DECLARATIONS
Error[108]  : Illegal character (*)
  0000                00043 *******************************************************************************/
Error[108]  : Illegal character (/)
  0000                00044                             /* DO NOT CHANGE! */
Error[108]  : Illegal character (/)
  0000                00045 /* This structure contains important system status information. */
Error[122]  : Illegal opcode (struct)
  0000                00046 typedef struct
Error[108]  : Illegal character ({)
  0000                00047 {
Warning[207]: Found label after column 1. (unsigned)
Error[122]  : Illegal opcode (int)
  0000                00048   unsigned int  :5;
Warning[207]: Found label after column 1. (unsigned)
Error[122]  : Illegal opcode (int)
  0000                00049   unsigned int  user_display:1;  /* User display enabled = 1, disabled = 0 */
Warning[207]: Found label after column 1. (unsigned)
Error[122]  : Illegal opcode (int)
  0000                00050   unsigned int  autonomous:1;    /* Autonomous enabled = 1, disabled = 0 */
Warning[207]: Found label after column 1. (unsigned)
Error[122]  : Illegal opcode (int)
  0000                00051   unsigned int  disabled:1;      /* Robot disabled = 1, enabled = 0 */
Error[108]  : Illegal character (})
  0000                00052 } modebits;
                      00053 
Error[108]  : Illegal character (/)
                      00054 /******************************************************************************/
Error[108]  : Illegal character (/)
                      00055                             /* DO NOT CHANGE! */
Error[108]  : Illegal character (/)
                      00056 /* This structure allows you to address specific bits of a byte.*/
Error[122]  : Illegal opcode (struct)
                      00057 typedef struct
Error[108]  : Illegal character ({)
                      00058 {
Warning[207]: Found label after column 1. (unsigned)
Error[122]  : Illegal opcode (int)
                      00059   unsigned int  bit0:1;
Warning[207]: Found label after column 1. (unsigned)
Error[122]  : Illegal opcode (int)
                      00060   unsigned int  bit1:1;
Warning[207]: Found label after column 1. (unsigned)
Error[122]  : Illegal opcode (int)
                      00061   unsigned int  bit2:1;
Warning[207]: Found label after column 1. (unsigned)
Error[122]  : Illegal opcode (int)
                      00062   unsigned int  bit3:1;
Warning[207]: Found label after column 1. (unsigned)
MPASM  4.02 Released                            MORT_TIMERS.C   4-1-2006  10:04:18         PAGE  3


LOC  OBJECT CODE     LINE SOURCE TEXT
  VALUE

Error[122]  : Illegal opcode (int)
                      00063   unsigned int  bit4:1;
Warning[207]: Found label after column 1. (unsigned)
Error[122]  : Illegal opcode (int)
                      00064   unsigned int  bit5:1;
Warning[207]: Found label after column 1. (unsigned)
Error[122]  : Illegal opcode (int)
                      00065   unsigned int  bit6:1;
Warning[207]: Found label after column 1. (unsigned)
Error[122]  : Illegal opcode (int)
                      00066   unsigned int  bit7:1;
Error[108]  : Illegal character (})
                      00067 } bitid;
                      00068 
Error[108]  : Illegal character (/)
                      00069 /******************************************************************************/
Error[108]  : Illegal character (/)
                      00070                             /* DO NOT CHANGE! */
Error[108]  : Illegal character (/)
                      00071 /* This structure defines the contents of the data received from the Master
Error[108]  : Illegal character (*)
                      00072  * microprocessor. */
Error[122]  : Illegal opcode (struct)
                      00073 typedef struct  {     /* begin rx_data_record structure */
Warning[207]: Found label after column 1. (unsigned)
Error[122]  : Illegal opcode (char)
                      00074   unsigned char packet_num;
Warning[207]: Found label after column 1. (union)
Error[150]  : Labels must be defined in a code or data section when making an object file
000000                00075   union
Error[108]  : Illegal character ({)
000000                00076   { 
Warning[207]: Found label after column 1. (bitid)
Error[122]  : Illegal opcode (bitselect)
000000                00077     bitid bitselect;
Warning[207]: Found label after column 1. (modebits)
Error[122]  : Illegal opcode (mode)
000000                00078     modebits mode;            /*rxdata.rc_mode_byte.mode.(user_display|autonomous|disabled)*/
Warning[207]: Found label after column 1. (unsigned)
Error[122]  : Illegal opcode (char)
000000                00079     unsigned char allbits;    /*rxdata.rc_mode_byte.allbits*/
Error[108]  : Illegal character (})
000000                00080   } rc_mode_byte;
Warning[207]: Found label after column 1. (union)
Error[150]  : Labels must be defined in a code or data section when making an object file
000000                00081   union
Error[108]  : Illegal character ({)
000000                00082   {
Warning[207]: Found label after column 1. (bitid)
Error[122]  : Illegal opcode (bitselect)
000000                00083     bitid bitselect;          /*rxdata.oi_swA_byte.bitselect.bit0*/
Warning[207]: Found label after column 1. (unsigned)
Error[122]  : Illegal opcode (char)
MPASM  4.02 Released                            MORT_TIMERS.C   4-1-2006  10:04:18         PAGE  4


LOC  OBJECT CODE     LINE SOURCE TEXT
  VALUE

000000                00084     unsigned char allbits;    /*rxdata.oi_swA_byte.allbits*/
Error[108]  : Illegal character (})
000000                00085   } oi_swA_byte;  
Warning[207]: Found label after column 1. (union)
Error[150]  : Labels must be defined in a code or data section when making an object file
000000                00086   union
Error[108]  : Illegal character ({)
000000                00087   {
Warning[207]: Found label after column 1. (bitid)
Error[122]  : Illegal opcode (bitselect)
000000                00088     bitid bitselect;          /*rxdata.oi_swB_byte.bitselect.bit0*/
Warning[207]: Found label after column 1. (unsigned)
Error[122]  : Illegal opcode (char)
000000                00089     unsigned char allbits;    /*rxdata.oi_swB_byte.allbits*/
Error[108]  : Illegal character (})
000000                00090   } oi_swB_byte;  
Warning[207]: Found label after column 1. (union)
Error[150]  : Labels must be defined in a code or data section when making an object file
000000                00091   union
Error[108]  : Illegal character ({)
000000                00092   {
Warning[207]: Found label after column 1. (bitid)
Error[122]  : Illegal opcode (bitselect)
000000                00093     bitid bitselect;          /*rxdata.rc_swA_byte.bitselect.bit0*/
Warning[207]: Found label after column 1. (unsigned)
Error[122]  : Illegal opcode (char)
000000                00094     unsigned char allbits;    /*rxdata.rc_swA_byte.allbits*/
Error[108]  : Illegal character (})
000000                00095   } rc_swA_byte;
Warning[207]: Found label after column 1. (union)
Error[150]  : Labels must be defined in a code or data section when making an object file
000000                00096   union
Error[108]  : Illegal character ({)
000000                00097   {
Warning[207]: Found label after column 1. (bitid)
Error[122]  : Illegal opcode (bitselect)
000000                00098     bitid bitselect;          /*rxdata.rc_swB_byte.bitselect.bit0*/
Warning[207]: Found label after column 1. (unsigned)
Error[122]  : Illegal opcode (char)
000000                00099     unsigned char allbits;    /*rxdata.rc_swB_byte.allbits*/
Error[108]  : Illegal character (})
000000                00100   } rc_swB_byte;
Warning[207]: Found label after column 1. (unsigned)
Error[122]  : Illegal opcode (char)
000000                00101   unsigned char oi_analog01, oi_analog02, oi_analog03, oi_analog04;  /*rxdata.oi_analog01*/
Warning[207]: Found label after column 1. (unsigned)
Error[122]  : Illegal opcode (char)
000000                00102   unsigned char oi_analog05, oi_analog06, oi_analog07, oi_analog08;         
Warning[207]: Found label after column 1. (unsigned)
Error[122]  : Illegal opcode (char)
000000                00103   unsigned char oi_analog09, oi_analog10, oi_analog11, oi_analog12;
Warning[207]: Found label after column 1. (unsigned)
Error[122]  : Illegal opcode (char)
MPASM  4.02 Released                            MORT_TIMERS.C   4-1-2006  10:04:18         PAGE  5


LOC  OBJECT CODE     LINE SOURCE TEXT
  VALUE

000000                00104   unsigned char oi_analog13, oi_analog14, oi_analog15, oi_analog16;
Warning[207]: Found label after column 1. (unsigned)
Error[122]  : Illegal opcode (char)
000000                00105   unsigned char rc_main_batt, rc_backup_batt;
Warning[207]: Found label after column 1. (unsigned)
Error[122]  : Illegal opcode (char)
000000                00106   unsigned char reserve[8];;
Error[108]  : Illegal character (})
000000                00107 } rx_data_record;
                      00108 
Error[122]  : Illegal opcode (rx_data_record)
                      00109 typedef rx_data_record *rx_data_ptr;
                      00110 
Error[108]  : Illegal character (/)
                      00111 /******************************************************************************/
Error[108]  : Illegal character (/)
                      00112                             /* DO NOT CHANGE! */
Error[108]  : Illegal character (/)
                      00113 /* This structure defines the contents of the data transmitted to the master  
Error[108]  : Illegal character (*)
                      00114  * microprocessor. */
Error[122]  : Illegal opcode (struct)
                      00115 typedef struct  {     /*begin tx_data_record structure*/
Warning[207]: Found label after column 1. (union)
Error[150]  : Labels must be defined in a code or data section when making an object file
000000                00116   union
Error[108]  : Illegal character ({)
000000                00117   { 
Warning[207]: Found label after column 1. (bitid)
Error[122]  : Illegal opcode (bitselect)
000000                00118     bitid bitselect;          /*txdata.LED_byte1.bitselect.bit0*/
Warning[207]: Found label after column 1. (unsigned)
Error[122]  : Illegal opcode (char)
000000                00119     unsigned char data;       /*txdata.LED_byte1.data*/
Error[108]  : Illegal character (})
000000                00120   } LED_byte1;
Warning[207]: Found label after column 1. (union)
Error[150]  : Labels must be defined in a code or data section when making an object file
000000                00121   union
Error[108]  : Illegal character ({)
000000                00122   { 
Warning[207]: Found label after column 1. (bitid)
Error[122]  : Illegal opcode (bitselect)
000000                00123     bitid bitselect;          /*txdata.LED_byte2.bitselect.bit0*/
Warning[207]: Found label after column 1. (unsigned)
Error[122]  : Illegal opcode (char)
000000                00124     unsigned char data;       /*txdata.LED_byte2.data*/
Error[108]  : Illegal character (})
000000                00125   } LED_byte2;
Warning[207]: Found label after column 1. (union)
Error[150]  : Labels must be defined in a code or data section when making an object file
000000                00126   union
Error[108]  : Illegal character ({)
MPASM  4.02 Released                            MORT_TIMERS.C   4-1-2006  10:04:18         PAGE  6


LOC  OBJECT CODE     LINE SOURCE TEXT
  VALUE

000000                00127   {
Warning[207]: Found label after column 1. (bitid)
Error[122]  : Illegal opcode (bitselect)
000000                00128     bitid bitselect;          /*txdata.user_byte1.bitselect.bit0*/
Warning[207]: Found label after column 1. (unsigned)
Error[122]  : Illegal opcode (char)
000000                00129     unsigned char allbits;    /*txdata.user_byte1.allbits*/
Error[108]  : Illegal character (})
000000                00130   } user_byte1;               /*for OI feedback*/
Warning[207]: Found label after column 1. (union)
Error[150]  : Labels must be defined in a code or data section when making an object file
000000                00131   union
Error[108]  : Illegal character ({)
000000                00132   {
Warning[207]: Found label after column 1. (bitid)
Error[122]  : Illegal opcode (bitselect)
000000                00133     bitid bitselect;          /*txdata.user_byte2.bitselect.bit0*/
Warning[207]: Found label after column 1. (unsigned)
Error[122]  : Illegal opcode (char)
000000                00134     unsigned char allbits;    /*txdata.user_byte2.allbits*/
Error[108]  : Illegal character (})
000000                00135   } user_byte2;               /*for OI feedback*/
Warning[207]: Found label after column 1. (unsigned)
Error[122]  : Illegal opcode (char)
000000                00136   unsigned char rc_pwm01, rc_pwm02, rc_pwm03, rc_pwm04;   /*txdata.rc_pwm01*/
Warning[207]: Found label after column 1. (unsigned)
Error[122]  : Illegal opcode (char)
000000                00137   unsigned char rc_pwm05, rc_pwm06, rc_pwm07, rc_pwm08;
Warning[207]: Found label after column 1. (unsigned)
Error[122]  : Illegal opcode (char)
000000                00138   unsigned char rc_pwm09, rc_pwm10, rc_pwm11, rc_pwm12;
Warning[207]: Found label after column 1. (unsigned)
Error[122]  : Illegal opcode (char)
000000                00139   unsigned char rc_pwm13, rc_pwm14, rc_pwm15, rc_pwm16;
                      00140 
Warning[207]: Found label after column 1. (unsigned)
Error[122]  : Illegal opcode (char)
                      00141   unsigned char user_cmd;     /*reserved - for future use*/
Warning[207]: Found label after column 1. (unsigned)
Error[122]  : Illegal opcode (char)
                      00142   unsigned char cmd_byte1;    /*reserved - Don't use*/
Warning[207]: Found label after column 1. (unsigned)
Error[122]  : Illegal opcode (char)
                      00143   unsigned char pwm_mask;     /*<EDU> make sure you know how this works before changing*/
Warning[207]: Found label after column 1. (unsigned)
Error[122]  : Illegal opcode (char)
                      00144   unsigned char warning_code; /*reserved - Don't use*/
Warning[207]: Found label after column 1. (unsigned)
Error[122]  : Illegal opcode (char)
                      00145   unsigned char user_byte3;   /*<FRC> break panel byte 3 */
Warning[207]: Found label after column 1. (unsigned)
Error[122]  : Illegal opcode (char)
                      00146   unsigned char user_byte4;   /*<FRC> break panel byte 4 */
MPASM  4.02 Released                            MORT_TIMERS.C   4-1-2006  10:04:18         PAGE  7


LOC  OBJECT CODE     LINE SOURCE TEXT
  VALUE

Warning[207]: Found label after column 1. (unsigned)
Error[122]  : Illegal opcode (char)
                      00147   unsigned char user_byte5;   /*<FRC> break panel byte 5 */
Warning[207]: Found label after column 1. (unsigned)
Error[122]  : Illegal opcode (char)
                      00148   unsigned char user_byte6;   /*<FRC> break panel byte 6 */
Warning[207]: Found label after column 1. (unsigned)
Error[122]  : Illegal opcode (char)
                      00149   unsigned char error_code;   /*reserved - Don't use*/
Warning[207]: Found label after column 1. (unsigned)
Error[122]  : Illegal opcode (char)
                      00150   unsigned char packetnum;    /*reserved - Don't use*/
Warning[207]: Found label after column 1. (unsigned)
Error[122]  : Illegal opcode (char)
                      00151   unsigned char current_mode; /*reserved - Don't use*/
Warning[207]: Found label after column 1. (unsigned)
Error[122]  : Illegal opcode (char)
                      00152   unsigned char control;      /*reserved - Don't use*/
Error[108]  : Illegal character (})
                      00153 } tx_data_record;
                      00154 
Error[122]  : Illegal opcode (tx_data_record)
                      00155 typedef tx_data_record *tx_data_ptr;
                      00156 
                      00157 
Error[108]  : Illegal character (/)
                      00158 /******************************************************************************/
Error[108]  : Illegal character (/)
                      00159                             /* DO NOT CHANGE! */
Error[108]  : Illegal character (/)
                      00160 /* This structure defines some flags which are used by the system. */
                      00161 
Error[122]  : Illegal opcode (struct)
                      00162 typedef struct
Error[108]  : Illegal character ({)
                      00163 {
Warning[207]: Found label after column 1. (unsigned)
Error[122]  : Illegal opcode (int)
                      00164   unsigned int  NEW_SPI_DATA:1;
Warning[207]: Found label after column 1. (unsigned)
Error[122]  : Illegal opcode (int)
                      00165   unsigned int  TX_UPDATED:1;
Warning[207]: Found label after column 1. (unsigned)
Error[122]  : Illegal opcode (int)
                      00166   unsigned int  FIRST_TIME:1;
Warning[207]: Found label after column 1. (unsigned)
Error[122]  : Illegal opcode (int)
                      00167   unsigned int  TX_BUFFSELECT:1;
Warning[207]: Found label after column 1. (unsigned)
Error[122]  : Illegal opcode (int)
                      00168   unsigned int  RX_BUFFSELECT:1;
Warning[207]: Found label after column 1. (unsigned)
Error[122]  : Illegal opcode (int)
MPASM  4.02 Released                            MORT_TIMERS.C   4-1-2006  10:04:18         PAGE  8


LOC  OBJECT CODE     LINE SOURCE TEXT
  VALUE

                      00169   unsigned int  SPI_SEMAPHORE:1;
Warning[207]: Found label after column 1. (unsigned)
Error[122]  : Illegal opcode (int)
                      00170   unsigned int  :2;
Error[108]  : Illegal character (})
                      00171 } packed_struct;
                      00172 
Error[108]  : Illegal character (/)
                      00173 /******************************************************************************/
                      00174 
Warning[205]: Found directive in column 1. (extern)
Error[121]  : Illegal label (tx_data_record txdata)
  0000                00175 extern tx_data_record txdata; 
Warning[205]: Found directive in column 1. (extern)
Error[121]  : Illegal label (rx_data_record rxdata)
  0000                00176 extern rx_data_record rxdata; 
Warning[205]: Found directive in column 1. (extern)
Error[121]  : Illegal label (packed_struct statusflag)
  0000                00177 extern packed_struct statusflag;
                      00178 
                      00179 #else
                      00180 #error  *** Error - Invalid Default File!
                      00181 #endif
                      00182 
Error[108]  : Illegal character (/)
                      00183 /*******************************************************************************
Warning[207]: Found label after column 1. (FUNCTION)
Error[122]  : Illegal opcode (PROTOTYPES)
                      00184                            FUNCTION PROTOTYPES
Error[108]  : Illegal character (*)
                      00185 *******************************************************************************/
                      00186 
Error[108]  : Illegal character (/)
                      00187 /* These routines reside in ifi_library.lib */
Error[108]  : Illegal character (/)
                      00188 /*******************************************************************************
Error[108]  : Illegal character (*)
                      00189 * FUNCTION NAME: InterruptVectorHigh
Error[108]  : Illegal character (*)
                      00190 * PURPOSE:       This vector jumps to the appropriate high pri. interrupt handler.
Error[108]  : Illegal character (*)
                      00191 * CALLED FROM:   High priority interrupt vector
Error[108]  : Illegal character (*)
                      00192 * ARGUMENTS:     none
Error[108]  : Illegal character (*)
                      00193 * RETURNS:       void
Error[108]  : Illegal character (*)
                      00194 *******************************************************************************/
Error[122]  : Illegal opcode (InterruptHandlerHigh)
                      00195 void InterruptHandlerHigh (void);;
                      00196 
Error[122]  : Illegal opcode (Initialize_Registers)
                      00197 void Initialize_Registers (void);;
MPASM  4.02 Released                            MORT_TIMERS.C   4-1-2006  10:04:18         PAGE  9


LOC  OBJECT CODE     LINE SOURCE TEXT
  VALUE

Error[108]  : Illegal character (/)
                      00198 /*******************************************************************************
Error[108]  : Illegal character (*)
                      00199 * FUNCTION NAME: IFI_Initialization
Error[108]  : Illegal character (*)
                      00200 * PURPOSE:       Configure registers and initializes the SPI RX/TX buffers.
Error[108]  : Illegal character (*)
                      00201 * CALLED FROM:   main.c
Error[108]  : Illegal character (*)
                      00202 * ARGUMENTS:     none
Error[108]  : Illegal character (*)
                      00203 * RETURNS:       void
Error[108]  : Illegal character (*)
                      00204 *******************************************************************************/
Error[122]  : Illegal opcode (IFI_Initialization)
                      00205 void IFI_Initialization (void);;
                      00206 
Error[108]  : Illegal character (/)
                      00207 /*******************************************************************************
Error[108]  : Illegal character (*)
                      00208 * FUNCTION NAME: User_Proc_Is_Ready
